Determining if the pthread_create exist failed with the following output:
Change Dir: /media/psf/Dropbox/UVA/Classes/Software Security/Final_Project/Code/ros_ws/build/CMakeFiles/CMakeTmp

Run Build Command:"/usr/bin/make" "cmTC_8f944/fast"
/usr/bin/make -f CMakeFiles/cmTC_8f944.dir/build.make CMakeFiles/cmTC_8f944.dir/build
make[1]: Entering directory '/media/psf/Dropbox/UVA/Classes/Software Security/Final_Project/Code/ros_ws/build/CMakeFiles/CMakeTmp'
Building C object CMakeFiles/cmTC_8f944.dir/CheckSymbolExists.c.o
/usr/bin/cc     -o CMakeFiles/cmTC_8f944.dir/CheckSymbolExists.c.o   -c "/media/psf/Dropbox/UVA/Classes/Software Security/Final_Project/Code/ros_ws/build/CMakeFiles/CMakeTmp/CheckSymbolExists.c"
Linking C executable cmTC_8f944
/usr/bin/cmake -E cmake_link_script CMakeFiles/cmTC_8f944.dir/link.txt --verbose=1
/usr/bin/cc       CMakeFiles/cmTC_8f944.dir/CheckSymbolExists.c.o  -o cmTC_8f944 -rdynamic 
CMakeFiles/cmTC_8f944.dir/CheckSymbolExists.c.o: In function `main':
CheckSymbolExists.c:(.text+0x16): undefined reference to `pthread_create'
collect2: error: ld returned 1 exit status
CMakeFiles/cmTC_8f944.dir/build.make:97: recipe for target 'cmTC_8f944' failed
make[1]: *** [cmTC_8f944] Error 1
make[1]: Leaving directory '/media/psf/Dropbox/UVA/Classes/Software Security/Final_Project/Code/ros_ws/build/CMakeFiles/CMakeTmp'
Makefile:126: recipe for target 'cmTC_8f944/fast' failed
make: *** [cmTC_8f944/fast] Error 2

File /media/psf/Dropbox/UVA/Classes/Software Security/Final_Project/Code/ros_ws/build/CMakeFiles/CMakeTmp/CheckSymbolExists.c:
/* */
#include <pthread.h>

int main(int argc, char** argv)
{
  (void)argv;
#ifndef pthread_create
  return ((int*)(&pthread_create))[argc];
#else
  (void)argc;
  return 0;
#endif
}

Determining if the function pthread_create exists in the pthreads failed with the following output:
Change Dir: /media/psf/Dropbox/UVA/Classes/Software Security/Final_Project/Code/ros_ws/build/CMakeFiles/CMakeTmp

Run Build Command:"/usr/bin/make" "cmTC_a308e/fast"
make: Warning: File 'Makefile' has modification time 0.97 s in the future
/usr/bin/make -f CMakeFiles/cmTC_a308e.dir/build.make CMakeFiles/cmTC_a308e.dir/build
make[1]: Entering directory '/media/psf/Dropbox/UVA/Classes/Software Security/Final_Project/Code/ros_ws/build/CMakeFiles/CMakeTmp'
make[1]: Warning: File 'CMakeFiles/cmTC_a308e.dir/flags.make' has modification time 0.96 s in the future
Building C object CMakeFiles/cmTC_a308e.dir/CheckFunctionExists.c.o
/usr/bin/cc    -DCHECK_FUNCTION_EXISTS=pthread_create   -o CMakeFiles/cmTC_a308e.dir/CheckFunctionExists.c.o   -c /usr/share/cmake-3.5/Modules/CheckFunctionExists.c
Linking C executable cmTC_a308e
/usr/bin/cmake -E cmake_link_script CMakeFiles/cmTC_a308e.dir/link.txt --verbose=1
/usr/bin/cc   -DCHECK_FUNCTION_EXISTS=pthread_create    CMakeFiles/cmTC_a308e.dir/CheckFunctionExists.c.o  -o cmTC_a308e -rdynamic -lpthreads 
/usr/bin/ld: cannot find -lpthreads
collect2: error: ld returned 1 exit status
CMakeFiles/cmTC_a308e.dir/build.make:97: recipe for target 'cmTC_a308e' failed
make[1]: *** [cmTC_a308e] Error 1
make[1]: Leaving directory '/media/psf/Dropbox/UVA/Classes/Software Security/Final_Project/Code/ros_ws/build/CMakeFiles/CMakeTmp'
Makefile:126: recipe for target 'cmTC_a308e/fast' failed
make: *** [cmTC_a308e/fast] Error 2


